<?xml version="1.0" encoding="utf-8"?>
<coverage line-rate="0.35950000000000004" branch-rate="0.3529" version="1.9" timestamp="1600376206" lines-covered="343" lines-valid="954" branches-covered="108" branches-valid="306">
  <sources>
    <source>C:\Git\Liftr.Common\src\</source>
  </sources>
  <packages>
    <package name="Microsoft.Liftr.Contracts" line-rate="0.5768" branch-rate="0.6756" complexity="246">
      <classes>
        <class name="Microsoft.Liftr.EnvironmentTypeExtensions" filename="Liftr.Contracts\EnvironmentType.cs" line-rate="0.625" branch-rate="0.7" complexity="10">
          <methods>
            <method name="ShortName" signature="(Microsoft.Liftr.EnvironmentType)" line-rate="0.909" branch-rate="0.875" complexity="8">
              <lines>
                <line number="26" hits="7" branch="False" />
                <line number="27" hits="7" branch="True" condition-coverage="87.5% (7/8)">
                  <conditions>
                    <condition number="6" type="switch" coverage="87.5%" />
                  </conditions>
                </line>
                <line number="30" hits="1" branch="False" />
                <line number="32" hits="1" branch="False" />
                <line number="34" hits="1" branch="False" />
                <line number="36" hits="1" branch="False" />
                <line number="38" hits="1" branch="False" />
                <line number="40" hits="1" branch="False" />
                <line number="42" hits="1" branch="False" />
                <line number="44" hits="0" branch="False" />
                <line number="46" hits="7" branch="False" />
              </lines>
            </method>
            <method name="IsNonProduction" signature="(Microsoft.Liftr.EnvironmentType)" line-rate="0" branch-rate="0" complexity="2">
              <lines>
                <line number="49" hits="0" branch="False" />
                <line number="50" hits="0" branch="True" condition-coverage="0% (0/2)">
                  <conditions>
                    <condition number="9" type="jump" coverage="0%" />
                  </conditions>
                </line>
                <line number="55" hits="0" branch="False" />
                <line number="57" hits="0" branch="False" />
                <line number="59" hits="0" branch="False" />
              </lines>
            </method>
          </methods>
          <lines>
            <line number="26" hits="7" branch="False" />
            <line number="27" hits="7" branch="True" condition-coverage="87.5% (7/8)">
              <conditions>
                <condition number="6" type="switch" coverage="87.5%" />
              </conditions>
            </line>
            <line number="30" hits="1" branch="False" />
            <line number="32" hits="1" branch="False" />
            <line number="34" hits="1" branch="False" />
            <line number="36" hits="1" branch="False" />
            <line number="38" hits="1" branch="False" />
            <line number="40" hits="1" branch="False" />
            <line number="42" hits="1" branch="False" />
            <line number="44" hits="0" branch="False" />
            <line number="46" hits="7" branch="False" />
            <line number="49" hits="0" branch="False" />
            <line number="50" hits="0" branch="True" condition-coverage="0% (0/2)">
              <conditions>
                <condition number="9" type="jump" coverage="0%" />
              </conditions>
            </line>
            <line number="55" hits="0" branch="False" />
            <line number="57" hits="0" branch="False" />
            <line number="59" hits="0" branch="False" />
          </lines>
        </class>
        <class name="Microsoft.Liftr.DuplicatedKeyException" filename="Liftr.Contracts\Exceptions\DuplicatedKeyException.cs" line-rate="0" branch-rate="0" complexity="7">
          <methods>
            <method name=".ctor" signature="()" line-rate="0" branch-rate="1" complexity="1">
              <lines>
                <line number="11" hits="0" branch="False" />
                <line number="12" hits="0" branch="False" />
                <line number="13" hits="0" branch="False" />
              </lines>
            </method>
            <method name=".ctor" signature="(System.String)" line-rate="0" branch-rate="1" complexity="1">
              <lines>
                <line number="16" hits="0" branch="False" />
                <line number="17" hits="0" branch="False" />
                <line number="18" hits="0" branch="False" />
              </lines>
            </method>
            <method name=".ctor" signature="(System.Exception)" line-rate="0" branch-rate="0" complexity="4">
              <lines>
                <line number="21" hits="0" branch="True" condition-coverage="0% (0/4)">
                  <conditions>
                    <condition number="2" type="jump" coverage="0%" />
                    <condition number="14" type="jump" coverage="0%" />
                  </conditions>
                </line>
                <line number="22" hits="0" branch="False" />
                <line number="23" hits="0" branch="False" />
              </lines>
            </method>
            <method name=".ctor" signature="(System.String,System.Exception)" line-rate="0" branch-rate="1" complexity="1">
              <lines>
                <line number="26" hits="0" branch="False" />
                <line number="27" hits="0" branch="False" />
                <line number="28" hits="0" branch="False" />
              </lines>
            </method>
          </methods>
          <lines>
            <line number="11" hits="0" branch="False" />
            <line number="12" hits="0" branch="False" />
            <line number="13" hits="0" branch="False" />
            <line number="16" hits="0" branch="False" />
            <line number="17" hits="0" branch="False" />
            <line number="18" hits="0" branch="False" />
            <line number="21" hits="0" branch="True" condition-coverage="0% (0/4)">
              <conditions>
                <condition number="2" type="jump" coverage="0%" />
                <condition number="14" type="jump" coverage="0%" />
              </conditions>
            </line>
            <line number="22" hits="0" branch="False" />
            <line number="23" hits="0" branch="False" />
            <line number="26" hits="0" branch="False" />
            <line number="27" hits="0" branch="False" />
            <line number="28" hits="0" branch="False" />
          </lines>
        </class>
        <class name="Microsoft.Liftr.Contracts.AzureStorageConnectionString" filename="Liftr.Contracts\AzureStorageConnectionString.cs" line-rate="0.6338" branch-rate="0.5" complexity="25">
          <methods>
            <method name="get_AccountName" signature="()" line-rate="1" branch-rate="1" complexity="1">
              <lines>
                <line number="55" hits="2" branch="False" />
              </lines>
            </method>
            <method name="get_AccountKey" signature="()" line-rate="1" branch-rate="1" complexity="1">
              <lines>
                <line number="61" hits="2" branch="False" />
              </lines>
            </method>
            <method name="get_EndpointsProtocol" signature="()" line-rate="1" branch-rate="1" complexity="1">
              <lines>
                <line number="67" hits="2" branch="False" />
              </lines>
            </method>
            <method name="get_EndpointSuffix" signature="()" line-rate="1" branch-rate="1" complexity="1">
              <lines>
                <line number="73" hits="3" branch="False" />
              </lines>
            </method>
            <method name="TryParseConnectionString" signature="(System.String,Microsoft.Liftr.Contracts.AzureStorageConnectionString&amp;)" line-rate="0.6756" branch-rate="0.5" complexity="14">
              <lines>
                <line number="76" hits="1" branch="False" />
                <line number="77" hits="1" branch="False" />
                <line number="78" hits="1" branch="True" condition-coverage="50% (1/2)">
                  <conditions>
                    <condition number="14" type="jump" coverage="50%" />
                  </conditions>
                </line>
                <line number="79" hits="0" branch="False" />
                <line number="80" hits="0" branch="False" />
                <line number="83" hits="1" branch="False" />
                <line number="84" hits="1" branch="True" condition-coverage="50% (2/4)">
                  <conditions>
                    <condition number="47" type="jump" coverage="50%" />
                    <condition number="65" type="jump" coverage="50%" />
                  </conditions>
                </line>
                <line number="85" hits="0" branch="False" />
                <line number="86" hits="0" branch="False" />
                <line number="89" hits="1" branch="False" />
                <line number="91" hits="1" branch="True" condition-coverage="50% (1/2)">
                  <conditions>
                    <condition number="99" type="jump" coverage="50%" />
                  </conditions>
                </line>
                <line number="92" hits="1" branch="False" />
                <line number="93" hits="1" branch="False" />
                <line number="94" hits="1" branch="False" />
                <line number="96" hits="0" branch="False" />
                <line number="97" hits="0" branch="False" />
                <line number="100" hits="1" branch="True" condition-coverage="50% (1/2)">
                  <conditions>
                    <condition number="136" type="jump" coverage="50%" />
                  </conditions>
                </line>
                <line number="101" hits="1" branch="False" />
                <line number="102" hits="1" branch="False" />
                <line number="103" hits="1" branch="False" />
                <line number="105" hits="0" branch="False" />
                <line number="106" hits="0" branch="False" />
                <line number="109" hits="1" branch="True" condition-coverage="50% (1/2)">
                  <conditions>
                    <condition number="173" type="jump" coverage="50%" />
                  </conditions>
                </line>
                <line number="110" hits="1" branch="False" />
                <line number="111" hits="1" branch="False" />
                <line number="112" hits="1" branch="False" />
                <line number="114" hits="0" branch="False" />
                <line number="115" hits="0" branch="False" />
                <line number="118" hits="1" branch="True" condition-coverage="50% (1/2)">
                  <conditions>
                    <condition number="211" type="jump" coverage="50%" />
                  </conditions>
                </line>
                <line number="119" hits="1" branch="False" />
                <line number="120" hits="1" branch="False" />
                <line number="121" hits="1" branch="False" />
                <line number="123" hits="0" branch="False" />
                <line number="124" hits="0" branch="False" />
                <line number="127" hits="1" branch="False" />
                <line number="128" hits="1" branch="False" />
                <line number="129" hits="1" branch="False" />
              </lines>
            </method>
            <method name="ToString" signature="()" line-rate="0.7142000000000001" branch-rate="0.5" complexity="2">
              <lines>
                <line number="132" hits="1" branch="False" />
                <line number="133" hits="1" branch="True" condition-coverage="50% (1/2)">
                  <conditions>
                    <condition number="14" type="jump" coverage="50%" />
                  </conditions>
                </line>
                <line number="134" hits="0" branch="False" />
                <line number="135" hits="0" branch="False" />
                <line number="138" hits="1" branch="False" />
                <line number="139" hits="1" branch="False" />
                <line number="141" hits="1" branch="False" />
              </lines>
            </method>
            <method name="TryExtract" signature="(System.String[],System.String,System.String&amp;)" line-rate="0.8" branch-rate="0.5" complexity="2">
              <lines>
                <line number="144" hits="4" branch="False" />
                <line number="145" hits="4" branch="False" />
                <line number="146" hits="14" branch="False" />
                <line number="147" hits="4" branch="True" condition-coverage="50% (1/2)">
                  <conditions>
                    <condition number="59" type="jump" coverage="50%" />
                  </conditions>
                </line>
                <line number="148" hits="4" branch="False" />
                <line number="149" hits="4" branch="False" />
                <line number="150" hits="4" branch="False" />
                <line number="153" hits="0" branch="False" />
                <line number="154" hits="0" branch="False" />
                <line number="155" hits="4" branch="False" />
              </lines>
            </method>
            <method name=".ctor" signature="(System.String,System.String,System.String)" line-rate="0" branch-rate="1" complexity="1">
              <lines>
                <line number="28" hits="0" branch="False" />
                <line number="29" hits="0" branch="False" />
                <line number="30" hits="0" branch="False" />
              </lines>
            </method>
            <method name=".ctor" signature="(System.String,System.String,System.String,System.String)" line-rate="0" branch-rate="1" complexity="1">
              <lines>
                <line number="39" hits="0" branch="False" />
                <line number="40" hits="0" branch="False" />
                <line number="41" hits="0" branch="False" />
                <line number="42" hits="0" branch="False" />
                <line number="43" hits="0" branch="False" />
                <line number="44" hits="0" branch="False" />
                <line number="45" hits="0" branch="False" />
              </lines>
            </method>
            <method name=".ctor" signature="()" line-rate="1" branch-rate="1" complexity="1">
              <lines>
                <line number="47" hits="1" branch="False" />
                <line number="48" hits="1" branch="False" />
                <line number="49" hits="1" branch="False" />
              </lines>
            </method>
          </methods>
          <lines>
            <line number="55" hits="2" branch="False" />
            <line number="61" hits="2" branch="False" />
            <line number="67" hits="2" branch="False" />
            <line number="73" hits="3" branch="False" />
            <line number="76" hits="1" branch="False" />
            <line number="77" hits="1" branch="False" />
            <line number="78" hits="1" branch="True" condition-coverage="50% (1/2)">
              <conditions>
                <condition number="14" type="jump" coverage="50%" />
              </conditions>
            </line>
            <line number="79" hits="0" branch="False" />
            <line number="80" hits="0" branch="False" />
            <line number="83" hits="1" branch="False" />
            <line number="84" hits="1" branch="True" condition-coverage="50% (2/4)">
              <conditions>
                <condition number="47" type="jump" coverage="50%" />
                <condition number="65" type="jump" coverage="50%" />
              </conditions>
            </line>
            <line number="85" hits="0" branch="False" />
            <line number="86" hits="0" branch="False" />
            <line number="89" hits="1" branch="False" />
            <line number="91" hits="1" branch="True" condition-coverage="50% (1/2)">
              <conditions>
                <condition number="99" type="jump" coverage="50%" />
              </conditions>
            </line>
            <line number="92" hits="1" branch="False" />
            <line number="93" hits="1" branch="False" />
            <line number="94" hits="1" branch="False" />
            <line number="96" hits="0" branch="False" />
            <line number="97" hits="0" branch="False" />
            <line number="100" hits="1" branch="True" condition-coverage="50% (1/2)">
              <conditions>
                <condition number="136" type="jump" coverage="50%" />
              </conditions>
            </line>
            <line number="101" hits="1" branch="False" />
            <line number="102" hits="1" branch="False" />
            <line number="103" hits="1" branch="False" />
            <line number="105" hits="0" branch="False" />
            <line number="106" hits="0" branch="False" />
            <line number="109" hits="1" branch="True" condition-coverage="50% (1/2)">
              <conditions>
                <condition number="173" type="jump" coverage="50%" />
              </conditions>
            </line>
            <line number="110" hits="1" branch="False" />
            <line number="111" hits="1" branch="False" />
            <line number="112" hits="1" branch="False" />
            <line number="114" hits="0" branch="False" />
            <line number="115" hits="0" branch="False" />
            <line number="118" hits="1" branch="True" condition-coverage="50% (1/2)">
              <conditions>
                <condition number="211" type="jump" coverage="50%" />
              </conditions>
            </line>
            <line number="119" hits="1" branch="False" />
            <line number="120" hits="1" branch="False" />
            <line number="121" hits="1" branch="False" />
            <line number="123" hits="0" branch="False" />
            <line number="124" hits="0" branch="False" />
            <line number="127" hits="1" branch="False" />
            <line number="128" hits="1" branch="False" />
            <line number="129" hits="1" branch="False" />
            <line number="132" hits="1" branch="False" />
            <line number="133" hits="1" branch="True" condition-coverage="50% (1/2)">
              <conditions>
                <condition number="14" type="jump" coverage="50%" />
              </conditions>
            </line>
            <line number="134" hits="0" branch="False" />
            <line number="135" hits="0" branch="False" />
            <line number="138" hits="1" branch="False" />
            <line number="139" hits="1" branch="False" />
            <line number="141" hits="1" branch="False" />
            <line number="144" hits="4" branch="False" />
            <line number="145" hits="4" branch="False" />
            <line number="146" hits="14" branch="False" />
            <line number="147" hits="4" branch="True" condition-coverage="50% (1/2)">
              <conditions>
                <condition number="59" type="jump" coverage="50%" />
              </conditions>
            </line>
            <line number="148" hits="4" branch="False" />
            <line number="149" hits="4" branch="False" />
            <line number="150" hits="4" branch="False" />
            <line number="153" hits="0" branch="False" />
            <line number="154" hits="0" branch="False" />
            <line number="155" hits="4" branch="False" />
            <line number="28" hits="0" branch="False" />
            <line number="29" hits="0" branch="False" />
            <line number="30" hits="0" branch="False" />
            <line number="39" hits="0" branch="False" />
            <line number="40" hits="0" branch="False" />
            <line number="41" hits="0" branch="False" />
            <line number="42" hits="0" branch="False" />
            <line number="43" hits="0" branch="False" />
            <line number="44" hits="0" branch="False" />
            <line number="45" hits="0" branch="False" />
            <line number="47" hits="1" branch="False" />
            <line number="48" hits="1" branch="False" />
            <line number="49" hits="1" branch="False" />
          </lines>
        </class>
        <class name="Microsoft.Liftr.Contracts.CosmosDBConnectionString" filename="Liftr.Contracts\CosmosDBConnectionString.cs" line-rate="0" branch-rate="1" complexity="2">
          <methods>
            <method name="get_ConnectionString" signature="()" line-rate="0" branch-rate="1" complexity="1">
              <lines>
                <line number="12" hits="0" branch="False" />
              </lines>
            </method>
            <method name="get_Description" signature="()" line-rate="0" branch-rate="1" complexity="1">
              <lines>
                <line number="15" hits="0" branch="False" />
              </lines>
            </method>
          </methods>
          <lines>
            <line number="12" hits="0" branch="False" />
            <line number="15" hits="0" branch="False" />
          </lines>
        </class>
        <class name="Microsoft.Liftr.Contracts.DataPlaneSubscriptionInfo" filename="Liftr.Contracts\DataPlaneSubscriptionInfo.cs" line-rate="0" branch-rate="1" complexity="2">
          <methods>
            <method name="get_SubscriptionId" signature="()" line-rate="0" branch-rate="1" complexity="1">
              <lines>
                <line number="13" hits="0" branch="False" />
              </lines>
            </method>
            <method name="get_StorageAccountIds" signature="()" line-rate="0" branch-rate="1" complexity="1">
              <lines>
                <line number="16" hits="0" branch="False" />
              </lines>
            </method>
          </methods>
          <lines>
            <line number="13" hits="0" branch="False" />
            <line number="16" hits="0" branch="False" />
          </lines>
        </class>
        <class name="Microsoft.Liftr.Contracts.LiftrDateTime" filename="Liftr.Contracts\LiftrDateTime.cs" line-rate="0" branch-rate="1" complexity="1">
          <methods>
            <method name="get_MinValue" signature="()" line-rate="0" branch-rate="1" complexity="1">
              <lines>
                <line number="12" hits="0" branch="False" />
              </lines>
            </method>
          </methods>
          <lines>
            <line number="12" hits="0" branch="False" />
          </lines>
        </class>
        <class name="Microsoft.Liftr.Contracts.MockTimeSource" filename="Liftr.Contracts\MockTimeSource.cs" line-rate="0" branch-rate="1" complexity="3">
          <methods>
            <method name="get_Current" signature="()" line-rate="0" branch-rate="1" complexity="1">
              <lines>
                <line number="12" hits="0" branch="False" />
              </lines>
            </method>
            <method name="get_UtcNow" signature="()" line-rate="0" branch-rate="1" complexity="1">
              <lines>
                <line number="14" hits="0" branch="False" />
              </lines>
            </method>
            <method name="Add" signature="(System.TimeSpan)" line-rate="0" branch-rate="1" complexity="1">
              <lines>
                <line number="17" hits="0" branch="False" />
                <line number="18" hits="0" branch="False" />
                <line number="19" hits="0" branch="False" />
              </lines>
            </method>
          </methods>
          <lines>
            <line number="12" hits="0" branch="False" />
            <line number="14" hits="0" branch="False" />
            <line number="17" hits="0" branch="False" />
            <line number="18" hits="0" branch="False" />
            <line number="19" hits="0" branch="False" />
          </lines>
        </class>
        <class name="Microsoft.Liftr.Contracts.ProvisioningStateExtensions" filename="Liftr.Contracts\ProvisioningState.cs" line-rate="1" branch-rate="1" complexity="1">
          <methods>
            <method name="IsFinalState" signature="(Microsoft.Liftr.Contracts.ProvisioningState)" line-rate="1" branch-rate="1" complexity="1">
              <lines>
                <line number="27" hits="8" branch="False" />
              </lines>
            </method>
          </methods>
          <lines>
            <line number="27" hits="8" branch="False" />
          </lines>
        </class>
        <class name="Microsoft.Liftr.Contracts.ResourceId" filename="Liftr.Contracts\ResourceId.cs" line-rate="0.836" branch-rate="0.7926000000000001" complexity="96">
          <methods>
            <method name="get_HasRoutingScope" signature="()" line-rate="1" branch-rate="1" complexity="1">
              <lines>
                <line number="208" hits="44" branch="False" />
              </lines>
            </method>
            <method name="get_RootScope" signature="()" line-rate="1" branch-rate="1" complexity="1">
              <lines>
                <line number="213" hits="136" branch="False" />
              </lines>
            </method>
            <method name="get_RoutingScope" signature="()" line-rate="1" branch-rate="1" complexity="1">
              <lines>
                <line number="215" hits="71" branch="False" />
              </lines>
            </method>
            <method name="get_RootScopeLevel" signature="()" line-rate="1" branch-rate="1" complexity="1">
              <lines>
                <line number="217" hits="10" branch="False" />
              </lines>
            </method>
            <method name="get_ManagementGroupName" signature="()" line-rate="1" branch-rate="1" complexity="1">
              <lines>
                <line number="219" hits="3" branch="False" />
              </lines>
            </method>
            <method name="get_TenantId" signature="()" line-rate="1" branch-rate="1" complexity="1">
              <lines>
                <line number="221" hits="1" branch="False" />
              </lines>
            </method>
            <method name="get_SubscriptionId" signature="()" line-rate="1" branch-rate="1" complexity="1">
              <lines>
                <line number="223" hits="24" branch="False" />
              </lines>
            </method>
            <method name="get_ResourceGroup" signature="()" line-rate="1" branch-rate="1" complexity="1">
              <lines>
                <line number="225" hits="17" branch="False" />
              </lines>
            </method>
            <method name="get_Provider" signature="()" line-rate="1" branch-rate="1" complexity="1">
              <lines>
                <line number="227" hits="27" branch="False" />
              </lines>
            </method>
            <method name="get_ResourceType" signature="()" line-rate="1" branch-rate="1" complexity="1">
              <lines>
                <line number="229" hits="41" branch="False" />
              </lines>
            </method>
            <method name="get_ResourceName" signature="()" line-rate="1" branch-rate="1" complexity="1">
              <lines>
                <line number="231" hits="41" branch="False" />
              </lines>
            </method>
            <method name="get_ChildResourceType" signature="()" line-rate="1" branch-rate="0.75" complexity="4">
              <lines>
                <line number="236" hits="9" branch="False" />
                <line number="237" hits="9" branch="True" condition-coverage="75% (3/4)">
                  <conditions>
                    <condition number="7" type="jump" coverage="50%" />
                    <condition number="25" type="jump" coverage="100%" />
                  </conditions>
                </line>
                <line number="238" hits="2" branch="False" />
                <line number="239" hits="2" branch="False" />
                <line number="242" hits="7" branch="False" />
                <line number="243" hits="9" branch="False" />
              </lines>
            </method>
            <method name="get_ChildResourceName" signature="()" line-rate="0.6666" branch-rate="0.5" complexity="4">
              <lines>
                <line number="249" hits="5" branch="False" />
                <line number="250" hits="5" branch="True" condition-coverage="50% (2/4)">
                  <conditions>
                    <condition number="7" type="jump" coverage="50%" />
                    <condition number="25" type="jump" coverage="50%" />
                  </conditions>
                </line>
                <line number="251" hits="0" branch="False" />
                <line number="252" hits="0" branch="False" />
                <line number="255" hits="5" branch="False" />
                <line number="256" hits="5" branch="False" />
              </lines>
            </method>
            <method name="get_GrandChildResourceType" signature="()" line-rate="0" branch-rate="0" complexity="4">
              <lines>
                <line number="262" hits="0" branch="False" />
                <line number="263" hits="0" branch="True" condition-coverage="0% (0/4)">
                  <conditions>
                    <condition number="7" type="jump" coverage="0%" />
                    <condition number="25" type="jump" coverage="0%" />
                  </conditions>
                </line>
                <line number="264" hits="0" branch="False" />
                <line number="265" hits="0" branch="False" />
                <line number="268" hits="0" branch="False" />
                <line number="269" hits="0" branch="False" />
              </lines>
            </method>
            <method name="get_GrandChildResourceName" signature="()" line-rate="0" branch-rate="0" complexity="4">
              <lines>
                <line number="275" hits="0" branch="False" />
                <line number="276" hits="0" branch="True" condition-coverage="0% (0/4)">
                  <conditions>
                    <condition number="7" type="jump" coverage="0%" />
                    <condition number="25" type="jump" coverage="0%" />
                  </conditions>
                </line>
                <line number="277" hits="0" branch="False" />
                <line number="278" hits="0" branch="False" />
                <line number="281" hits="0" branch="False" />
                <line number="282" hits="0" branch="False" />
              </lines>
            </method>
            <method name="get_TypedNames" signature="()" line-rate="1" branch-rate="1" complexity="1">
              <lines>
                <line number="285" hits="58" branch="False" />
              </lines>
            </method>
            <method name="ToString" signature="()" line-rate="1" branch-rate="1" complexity="1">
              <lines>
                <line number="287" hits="19" branch="False" />
              </lines>
            </method>
            <method name="FromResourceUri" signature="(System.String)" line-rate="0.625" branch-rate="0.5" complexity="4">
              <lines>
                <line number="292" hits="1" branch="False" />
                <line number="294" hits="1" branch="False" />
                <line number="295" hits="1" branch="True" condition-coverage="50% (2/4)">
                  <conditions>
                    <condition number="3" type="jump" coverage="50%" />
                    <condition number="26" type="jump" coverage="50%" />
                  </conditions>
                </line>
                <line number="296" hits="1" branch="False" />
                <line number="298" hits="0" branch="False" />
                <line number="299" hits="0" branch="False" />
                <line number="300" hits="0" branch="False" />
                <line number="302" hits="1" branch="False" />
              </lines>
            </method>
            <method name="TryParse" signature="(System.String,Microsoft.Liftr.Contracts.ResourceId&amp;)" line-rate="0.5555" branch-rate="1" complexity="1">
              <lines>
                <line number="305" hits="4" branch="False" />
                <line number="307" hits="4" branch="False" />
                <line number="308" hits="4" branch="False" />
                <line number="309" hits="4" branch="False" />
                <line number="311" hits="0" branch="False" />
                <line number="312" hits="0" branch="False" />
                <line number="313" hits="0" branch="False" />
                <line number="314" hits="0" branch="False" />
                <line number="316" hits="4" branch="False" />
              </lines>
            </method>
            <method name=".ctor" signature="(System.String)" line-rate="0.9107999999999999" branch-rate="0.9285" complexity="56">
              <lines>
                <line number="33" hits="42" branch="False" />
                <line number="34" hits="42" branch="False" />
                <line number="35" hits="42" branch="True" condition-coverage="50% (1/2)">
                  <conditions>
                    <condition number="16" type="jump" coverage="50%" />
                  </conditions>
                </line>
                <line number="36" hits="0" branch="False" />
                <line number="37" hits="0" branch="False" />
                <line number="40" hits="42" branch="False" />
                <line number="43" hits="42" branch="True" condition-coverage="100% (2/2)">
                  <conditions>
                    <condition number="50" type="jump" coverage="100%" />
                  </conditions>
                </line>
                <line number="44" hits="3" branch="False" />
                <line number="46" hits="3" branch="False" />
                <line number="47" hits="3" branch="False" />
                <line number="48" hits="3" branch="True" condition-coverage="100% (2/2)">
                  <conditions>
                    <condition number="84" type="jump" coverage="100%" />
                  </conditions>
                </line>
                <line number="49" hits="2" branch="False" />
                <line number="50" hits="2" branch="False" />
                <line number="51" hits="2" branch="False" />
                <line number="53" hits="1" branch="False" />
                <line number="54" hits="1" branch="False" />
                <line number="55" hits="1" branch="False" />
                <line number="56" hits="1" branch="False" />
                <line number="58" hits="3" branch="True" condition-coverage="100% (2/2)">
                  <conditions>
                    <condition number="163" type="jump" coverage="100%" />
                  </conditions>
                </line>
                <line number="59" hits="1" branch="False" />
                <line number="60" hits="1" branch="False" />
                <line number="61" hits="1" branch="False" />
                <line number="63" hits="3" branch="False" />
                <line number="64" hits="3" branch="True" condition-coverage="50% (1/2)">
                  <conditions>
                    <condition number="225" type="jump" coverage="50%" />
                  </conditions>
                </line>
                <line number="65" hits="0" branch="False" />
                <line number="66" hits="0" branch="False" />
                <line number="69" hits="3" branch="False" />
                <line number="70" hits="3" branch="False" />
                <line number="72" hits="39" branch="False" />
                <line number="74" hits="39" branch="True" condition-coverage="100% (2/2)">
                  <conditions>
                    <condition number="313" type="jump" coverage="100%" />
                  </conditions>
                </line>
                <line number="75" hits="28" branch="False" />
                <line number="76" hits="28" branch="False" />
                <line number="77" hits="28" branch="False" />
                <line number="78" hits="28" branch="False" />
                <line number="80" hits="11" branch="False" />
                <line number="81" hits="11" branch="False" />
                <line number="82" hits="11" branch="False" />
                <line number="84" hits="39" branch="True" condition-coverage="100% (2/2)">
                  <conditions>
                    <condition number="402" type="jump" coverage="100%" />
                  </conditions>
                </line>
                <line number="85" hits="9" branch="False" />
                <line number="86" hits="9" branch="False" />
                <line number="87" hits="9" branch="False" />
                <line number="89" hits="39" branch="False" />
                <line number="90" hits="39" branch="True" condition-coverage="100% (2/2)">
                  <conditions>
                    <condition number="470" type="jump" coverage="100%" />
                  </conditions>
                </line>
                <line number="91" hits="5" branch="False" />
                <line number="93" hits="5" branch="False" />
                <line number="94" hits="5" branch="False" />
                <line number="95" hits="34" branch="True" condition-coverage="50% (1/2)">
                  <conditions>
                    <condition number="506" type="jump" coverage="50%" />
                  </conditions>
                </line>
                <line number="96" hits="0" branch="False" />
                <line number="98" hits="0" branch="False" />
                <line number="99" hits="0" branch="False" />
                <line number="100" hits="34" branch="True" condition-coverage="100% (4/4)">
                  <conditions>
                    <condition number="527" type="jump" coverage="100%" />
                    <condition number="550" type="jump" coverage="100%" />
                  </conditions>
                </line>
                <line number="101" hits="1" branch="False" />
                <line number="103" hits="1" branch="False" />
                <line number="104" hits="1" branch="False" />
                <line number="105" hits="33" branch="True" condition-coverage="100% (4/4)">
                  <conditions>
                    <condition number="571" type="jump" coverage="100%" />
                    <condition number="594" type="jump" coverage="100%" />
                  </conditions>
                </line>
                <line number="106" hits="9" branch="False" />
                <line number="108" hits="9" branch="False" />
                <line number="109" hits="9" branch="False" />
                <line number="110" hits="24" branch="True" condition-coverage="100% (6/6)">
                  <conditions>
                    <condition number="612" type="jump" coverage="100%" />
                    <condition number="628" type="jump" coverage="100%" />
                    <condition number="651" type="jump" coverage="100%" />
                  </conditions>
                </line>
                <line number="111" hits="16" branch="False" />
                <line number="113" hits="16" branch="False" />
                <line number="114" hits="16" branch="False" />
                <line number="116" hits="8" branch="False" />
                <line number="117" hits="8" branch="False" />
                <line number="120" hits="31" branch="True" condition-coverage="100% (4/4)">
                  <conditions>
                    <condition number="724" type="jump" coverage="100%" />
                    <condition number="747" type="jump" coverage="100%" />
                  </conditions>
                </line>
                <line number="121" hits="1" branch="False" />
                <line number="123" hits="1" branch="False" />
                <line number="124" hits="1" branch="False" />
                <line number="126" hits="31" branch="True" condition-coverage="100% (4/4)">
                  <conditions>
                    <condition number="766" type="jump" coverage="100%" />
                    <condition number="789" type="jump" coverage="100%" />
                  </conditions>
                </line>
                <line number="127" hits="29" branch="False" />
                <line number="129" hits="29" branch="False" />
                <line number="130" hits="29" branch="False" />
                <line number="132" hits="31" branch="True" condition-coverage="100% (6/6)">
                  <conditions>
                    <condition number="808" type="jump" coverage="100%" />
                    <condition number="824" type="jump" coverage="100%" />
                    <condition number="847" type="jump" coverage="100%" />
                  </conditions>
                </line>
                <line number="133" hits="17" branch="False" />
                <line number="135" hits="17" branch="False" />
                <line number="136" hits="17" branch="False" />
                <line number="137" hits="31" branch="False" />
                <line number="140" hits="34" branch="True" condition-coverage="100% (2/2)">
                  <conditions>
                    <condition number="872" type="jump" coverage="100%" />
                  </conditions>
                </line>
                <line number="141" hits="24" branch="False" />
                <line number="145" hits="24" branch="False" />
                <line number="146" hits="24" branch="True" condition-coverage="50% (1/2)">
                  <conditions>
                    <condition number="913" type="jump" coverage="50%" />
                  </conditions>
                </line>
                <line number="147" hits="0" branch="False" />
                <line number="148" hits="0" branch="False" />
                <line number="151" hits="24" branch="True" condition-coverage="100% (2/2)">
                  <conditions>
                    <condition number="983" type="jump" coverage="100%" />
                  </conditions>
                </line>
                <line number="152" hits="3" branch="False" />
                <line number="153" hits="3" branch="False" />
                <line number="156" hits="21" branch="False" />
                <line number="158" hits="21" branch="True" condition-coverage="100% (2/2)">
                  <conditions>
                    <condition number="1064" type="jump" coverage="100%" />
                  </conditions>
                </line>
                <line number="159" hits="19" branch="False" />
                <line number="160" hits="19" branch="False" />
                <line number="161" hits="19" branch="False" />
                <line number="163" hits="19" branch="False" />
                <line number="164" hits="19" branch="False" />
                <line number="165" hits="48" branch="True" condition-coverage="100% (2/2)">
                  <conditions>
                    <condition number="1202" type="jump" coverage="100%" />
                  </conditions>
                </line>
                <line number="166" hits="5" branch="False" />
                <line number="167" hits="5" branch="False" />
                <line number="168" hits="5" branch="False" />
                <line number="170" hits="19" branch="False" />
                <line number="171" hits="19" branch="False" />
                <line number="172" hits="21" branch="False" />
                <line number="173" hits="31" branch="False" />
              </lines>
            </method>
            <method name=".ctor" signature="(System.String,System.String,System.String,System.String,System.String,System.String,System.String)" line-rate="1" branch-rate="1" complexity="6">
              <lines>
                <line number="175" hits="6" branch="False" />
                <line number="176" hits="6" branch="False" />
                <line number="177" hits="6" branch="False" />
                <line number="178" hits="6" branch="False" />
                <line number="179" hits="6" branch="False" />
                <line number="180" hits="6" branch="False" />
                <line number="181" hits="6" branch="False" />
                <line number="182" hits="6" branch="False" />
                <line number="183" hits="6" branch="False" />
                <line number="184" hits="6" branch="False" />
                <line number="185" hits="6" branch="False" />
                <line number="186" hits="6" branch="False" />
                <line number="187" hits="6" branch="False" />
                <line number="188" hits="6" branch="False" />
                <line number="189" hits="6" branch="False" />
                <line number="191" hits="6" branch="False" />
                <line number="193" hits="6" branch="True" condition-coverage="100% (2/2)">
                  <conditions>
                    <condition number="131" type="jump" coverage="100%" />
                  </conditions>
                </line>
                <line number="194" hits="6" branch="False" />
                <line number="195" hits="6" branch="False" />
                <line number="196" hits="6" branch="False" />
                <line number="197" hits="6" branch="False" />
                <line number="199" hits="6" branch="True" condition-coverage="100% (4/4)">
                  <conditions>
                    <condition number="232" type="jump" coverage="100%" />
                    <condition number="249" type="jump" coverage="100%" />
                  </conditions>
                </line>
                <line number="200" hits="3" branch="False" />
                <line number="201" hits="3" branch="False" />
                <line number="202" hits="3" branch="False" />
                <line number="203" hits="3" branch="False" />
                <line number="205" hits="6" branch="False" />
                <line number="206" hits="6" branch="False" />
              </lines>
            </method>
          </methods>
          <lines>
            <line number="208" hits="44" branch="False" />
            <line number="213" hits="136" branch="False" />
            <line number="215" hits="71" branch="False" />
            <line number="217" hits="10" branch="False" />
            <line number="219" hits="3" branch="False" />
            <line number="221" hits="1" branch="False" />
            <line number="223" hits="24" branch="False" />
            <line number="225" hits="17" branch="False" />
            <line number="227" hits="27" branch="False" />
            <line number="229" hits="41" branch="False" />
            <line number="231" hits="41" branch="False" />
            <line number="236" hits="9" branch="False" />
            <line number="237" hits="9" branch="True" condition-coverage="75% (3/4)">
              <conditions>
                <condition number="7" type="jump" coverage="50%" />
                <condition number="25" type="jump" coverage="100%" />
              </conditions>
            </line>
            <line number="238" hits="2" branch="False" />
            <line number="239" hits="2" branch="False" />
            <line number="242" hits="7" branch="False" />
            <line number="243" hits="9" branch="False" />
            <line number="249" hits="5" branch="False" />
            <line number="250" hits="5" branch="True" condition-coverage="50% (2/4)">
              <conditions>
                <condition number="7" type="jump" coverage="50%" />
                <condition number="25" type="jump" coverage="50%" />
              </conditions>
            </line>
            <line number="251" hits="0" branch="False" />
            <line number="252" hits="0" branch="False" />
            <line number="255" hits="5" branch="False" />
            <line number="256" hits="5" branch="False" />
            <line number="262" hits="0" branch="False" />
            <line number="263" hits="0" branch="True" condition-coverage="0% (0/4)">
              <conditions>
                <condition number="7" type="jump" coverage="0%" />
                <condition number="25" type="jump" coverage="0%" />
              </conditions>
            </line>
            <line number="264" hits="0" branch="False" />
            <line number="265" hits="0" branch="False" />
            <line number="268" hits="0" branch="False" />
            <line number="269" hits="0" branch="False" />
            <line number="275" hits="0" branch="False" />
            <line number="276" hits="0" branch="True" condition-coverage="0% (0/4)">
              <conditions>
                <condition number="7" type="jump" coverage="0%" />
                <condition number="25" type="jump" coverage="0%" />
              </conditions>
            </line>
            <line number="277" hits="0" branch="False" />
            <line number="278" hits="0" branch="False" />
            <line number="281" hits="0" branch="False" />
            <line number="282" hits="0" branch="False" />
            <line number="285" hits="58" branch="False" />
            <line number="287" hits="19" branch="False" />
            <line number="292" hits="1" branch="False" />
            <line number="294" hits="1" branch="False" />
            <line number="295" hits="1" branch="True" condition-coverage="50% (2/4)">
              <conditions>
                <condition number="3" type="jump" coverage="50%" />
                <condition number="26" type="jump" coverage="50%" />
              </conditions>
            </line>
            <line number="296" hits="1" branch="False" />
            <line number="298" hits="0" branch="False" />
            <line number="299" hits="0" branch="False" />
            <line number="300" hits="0" branch="False" />
            <line number="302" hits="1" branch="False" />
            <line number="305" hits="4" branch="False" />
            <line number="307" hits="4" branch="False" />
            <line number="308" hits="4" branch="False" />
            <line number="309" hits="4" branch="False" />
            <line number="311" hits="0" branch="False" />
            <line number="312" hits="0" branch="False" />
            <line number="313" hits="0" branch="False" />
            <line number="314" hits="0" branch="False" />
            <line number="316" hits="4" branch="False" />
            <line number="33" hits="42" branch="False" />
            <line number="34" hits="42" branch="False" />
            <line number="35" hits="42" branch="True" condition-coverage="50% (1/2)">
              <conditions>
                <condition number="16" type="jump" coverage="50%" />
              </conditions>
            </line>
            <line number="36" hits="0" branch="False" />
            <line number="37" hits="0" branch="False" />
            <line number="40" hits="42" branch="False" />
            <line number="43" hits="42" branch="True" condition-coverage="100% (2/2)">
              <conditions>
                <condition number="50" type="jump" coverage="100%" />
              </conditions>
            </line>
            <line number="44" hits="3" branch="False" />
            <line number="46" hits="3" branch="False" />
            <line number="47" hits="3" branch="False" />
            <line number="48" hits="3" branch="True" condition-coverage="100% (2/2)">
              <conditions>
                <condition number="84" type="jump" coverage="100%" />
              </conditions>
            </line>
            <line number="49" hits="2" branch="False" />
            <line number="50" hits="2" branch="False" />
            <line number="51" hits="2" branch="False" />
            <line number="53" hits="1" branch="False" />
            <line number="54" hits="1" branch="False" />
            <line number="55" hits="1" branch="False" />
            <line number="56" hits="1" branch="False" />
            <line number="58" hits="3" branch="True" condition-coverage="100% (2/2)">
              <conditions>
                <condition number="163" type="jump" coverage="100%" />
              </conditions>
            </line>
            <line number="59" hits="1" branch="False" />
            <line number="60" hits="1" branch="False" />
            <line number="61" hits="1" branch="False" />
            <line number="63" hits="3" branch="False" />
            <line number="64" hits="3" branch="True" condition-coverage="50% (1/2)">
              <conditions>
                <condition number="225" type="jump" coverage="50%" />
              </conditions>
            </line>
            <line number="65" hits="0" branch="False" />
            <line number="66" hits="0" branch="False" />
            <line number="69" hits="3" branch="False" />
            <line number="70" hits="3" branch="False" />
            <line number="72" hits="39" branch="False" />
            <line number="74" hits="39" branch="True" condition-coverage="100% (2/2)">
              <conditions>
                <condition number="313" type="jump" coverage="100%" />
              </conditions>
            </line>
            <line number="75" hits="28" branch="False" />
            <line number="76" hits="28" branch="False" />
            <line number="77" hits="28" branch="False" />
            <line number="78" hits="28" branch="False" />
            <line number="80" hits="11" branch="False" />
            <line number="81" hits="11" branch="False" />
            <line number="82" hits="11" branch="False" />
            <line number="84" hits="39" branch="True" condition-coverage="100% (2/2)">
              <conditions>
                <condition number="402" type="jump" coverage="100%" />
              </conditions>
            </line>
            <line number="85" hits="9" branch="False" />
            <line number="86" hits="9" branch="False" />
            <line number="87" hits="9" branch="False" />
            <line number="89" hits="39" branch="False" />
            <line number="90" hits="39" branch="True" condition-coverage="100% (2/2)">
              <conditions>
                <condition number="470" type="jump" coverage="100%" />
              </conditions>
            </line>
            <line number="91" hits="5" branch="False" />
            <line number="93" hits="5" branch="False" />
            <line number="94" hits="5" branch="False" />
            <line number="95" hits="34" branch="True" condition-coverage="50% (1/2)">
              <conditions>
                <condition number="506" type="jump" coverage="50%" />
              </conditions>
            </line>
            <line number="96" hits="0" branch="False" />
            <line number="98" hits="0" branch="False" />
            <line number="99" hits="0" branch="False" />
            <line number="100" hits="34" branch="True" condition-coverage="100% (4/4)">
              <conditions>
                <condition number="527" type="jump" coverage="100%" />
                <condition number="550" type="jump" coverage="100%" />
              </conditions>
            </line>
            <line number="101" hits="1" branch="False" />
            <line number="103" hits="1" branch="False" />
            <line number="104" hits="1" branch="False" />
            <line number="105" hits="33" branch="True" condition-coverage="100% (4/4)">
              <conditions>
                <condition number="571" type="jump" coverage="100%" />
                <condition number="594" type="jump" coverage="100%" />
              </conditions>
            </line>
            <line number="106" hits="9" branch="False" />
            <line number="108" hits="9" branch="False" />
            <line number="109" hits="9" branch="False" />
            <line number="110" hits="24" branch="True" condition-coverage="100% (6/6)">
              <conditions>
                <condition number="612" type="jump" coverage="100%" />
                <condition number="628" type="jump" coverage="100%" />
                <condition number="651" type="jump" coverage="100%" />
              </conditions>
            </line>
            <line number="111" hits="16" branch="False" />
            <line number="113" hits="16" branch="False" />
            <line number="114" hits="16" branch="False" />
            <line number="116" hits="8" branch="False" />
            <line number="117" hits="8" branch="False" />
            <line number="120" hits="31" branch="True" condition-coverage="100% (4/4)">
              <conditions>
                <condition number="724" type="jump" coverage="100%" />
                <condition number="747" type="jump" coverage="100%" />
              </conditions>
            </line>
            <line number="121" hits="1" branch="False" />
            <line number="123" hits="1" branch="False" />
            <line number="124" hits="1" branch="False" />
            <line number="126" hits="31" branch="True" condition-coverage="100% (4/4)">
              <conditions>
                <condition number="766" type="jump" coverage="100%" />
                <condition number="789" type="jump" coverage="100%" />
              </conditions>
            </line>
            <line number="127" hits="29" branch="False" />
            <line number="129" hits="29" branch="False" />
            <line number="130" hits="29" branch="False" />
            <line number="132" hits="31" branch="True" condition-coverage="100% (6/6)">
              <conditions>
                <condition number="808" type="jump" coverage="100%" />
                <condition number="824" type="jump" coverage="100%" />
                <condition number="847" type="jump" coverage="100%" />
              </conditions>
            </line>
            <line number="133" hits="17" branch="False" />
            <line number="135" hits="17" branch="False" />
            <line number="136" hits="17" branch="False" />
            <line number="137" hits="31" branch="False" />
            <line number="140" hits="34" branch="True" condition-coverage="100% (2/2)">
              <conditions>
                <condition number="872" type="jump" coverage="100%" />
              </conditions>
            </line>
            <line number="141" hits="24" branch="False" />
            <line number="145" hits="24" branch="False" />
            <line number="146" hits="24" branch="True" condition-coverage="50% (1/2)">
              <conditions>
                <condition number="913" type="jump" coverage="50%" />
              </conditions>
            </line>
            <line number="147" hits="0" branch="False" />
            <line number="148" hits="0" branch="False" />
            <line number="151" hits="24" branch="True" condition-coverage="100% (2/2)">
              <conditions>
                <condition number="983" type="jump" coverage="100%" />
              </conditions>
            </line>
            <line number="152" hits="3" branch="False" />
            <line number="153" hits="3" branch="False" />
            <line number="156" hits="21" branch="False" />
            <line number="158" hits="21" branch="True" condition-coverage="100% (2/2)">
              <conditions>
                <condition number="1064" type="jump" coverage="100%" />
              </conditions>
            </line>
            <line number="159" hits="19" branch="False" />
            <line number="160" hits="19" branch="False" />
            <line number="161" hits="19" branch="False" />
            <line number="163" hits="19" branch="False" />
            <line number="164" hits="19" branch="False" />
            <line number="165" hits="48" branch="True" condition-coverage="100% (2/2)">
              <conditions>
                <condition number="1202" type="jump" coverage="100%" />
              </conditions>
            </line>
            <line number="166" hits="5" branch="False" />
            <line number="167" hits="5" branch="False" />
            <line number="168" hits="5" branch="False" />
            <line number="170" hits="19" branch="False" />
            <line number="171" hits="19" branch="False" />
            <line number="172" hits="21" branch="False" />
            <line number="173" hits="31" branch="False" />
            <line number="175" hits="6" branch="False" />
            <line number="176" hits="6" branch="False" />
            <line number="177" hits="6" branch="False" />
            <line number="178" hits="6" branch="False" />
            <line number="179" hits="6" branch="False" />
            <line number="180" hits="6" branch="False" />
            <line number="181" hits="6" branch="False" />
            <line number="182" hits="6" branch="False" />
            <line number="183" hits="6" branch="False" />
            <line number="184" hits="6" branch="False" />
            <line number="185" hits="6" branch="False" />
            <line number="186" hits="6" branch="False" />
            <line number="187" hits="6" branch="False" />
            <line number="188" hits="6" branch="False" />
            <line number="189" hits="6" branch="False" />
            <line number="191" hits="6" branch="False" />
            <line number="193" hits="6" branch="True" condition-coverage="100% (2/2)">
              <conditions>
                <condition number="131" type="jump" coverage="100%" />
              </conditions>
            </line>
            <line number="194" hits="6" branch="False" />
            <line number="195" hits="6" branch="False" />
            <line number="196" hits="6" branch="False" />
            <line number="197" hits="6" branch="False" />
            <line number="199" hits="6" branch="True" condition-coverage="100% (4/4)">
              <conditions>
                <condition number="232" type="jump" coverage="100%" />
                <condition number="249" type="jump" coverage="100%" />
              </conditions>
            </line>
            <line number="200" hits="3" branch="False" />
            <line number="201" hits="3" branch="False" />
            <line number="202" hits="3" branch="False" />
            <line number="203" hits="3" branch="False" />
            <line number="205" hits="6" branch="False" />
            <line number="206" hits="6" branch="False" />
          </lines>
        </class>
        <class name="Microsoft.Liftr.Contracts.ResourceIdPath" filename="Liftr.Contracts\ResourceIdPath.cs" line-rate="0.9582999999999999" branch-rate="0.8571" complexity="18">
          <methods>
            <method name="get_ResourceId" signature="()" line-rate="1" branch-rate="1" complexity="1">
              <lines>
                <line number="19" hits="8" branch="False" />
              </lines>
            </method>
            <method name="get_Path" signature="()" line-rate="1" branch-rate="1" complexity="1">
              <lines>
                <line number="21" hits="11" branch="False" />
              </lines>
            </method>
            <method name="get_GenericPath" signature="()" line-rate="1" branch-rate="1" complexity="1">
              <lines>
                <line number="26" hits="8" branch="False" />
              </lines>
            </method>
            <method name="TryParse" signature="(System.String,Microsoft.Liftr.Contracts.ResourceIdPath&amp;)" line-rate="0.9523" branch-rate="0.8571" complexity="14">
              <lines>
                <line number="29" hits="10" branch="False" />
                <line number="30" hits="10" branch="True" condition-coverage="50% (1/2)">
                  <conditions>
                    <condition number="9" type="jump" coverage="50%" />
                  </conditions>
                </line>
                <line number="31" hits="0" branch="False" />
                <line number="32" hits="0" branch="False" />
                <line number="35" hits="10" branch="False" />
                <line number="36" hits="10" branch="False" />
                <line number="37" hits="10" branch="True" condition-coverage="100% (2/2)">
                  <conditions>
                    <condition number="54" type="jump" coverage="100%" />
                  </conditions>
                </line>
                <line number="38" hits="3" branch="False" />
                <line number="39" hits="3" branch="False" />
                <line number="42" hits="7" branch="False" />
                <line number="43" hits="7" branch="True" condition-coverage="100% (2/2)">
                  <conditions>
                    <condition number="79" type="jump" coverage="100%" />
                  </conditions>
                </line>
                <line number="44" hits="2" branch="False" />
                <line number="47" hits="2" branch="False" />
                <line number="48" hits="2" branch="False" />
                <line number="49" hits="2" branch="False" />
                <line number="51" hits="7" branch="False" />
                <line number="53" hits="7" branch="False" />
                <line number="54" hits="7" branch="False" />
                <line number="55" hits="7" branch="False" />
                <line number="56" hits="4" branch="False" />
                <line number="58" hits="4" branch="False" />
                <line number="59" hits="4" branch="False" />
                <line number="61" hits="4" branch="True" condition-coverage="100% (4/4)">
                  <conditions>
                    <condition number="171" type="jump" coverage="100%" />
                    <condition number="195" type="jump" coverage="100%" />
                  </conditions>
                </line>
                <line number="62" hits="2" branch="False" />
                <line number="63" hits="2" branch="False" />
                <line number="64" hits="2" branch="False" />
                <line number="65" hits="2" branch="False" />
                <line number="67" hits="4" branch="True" condition-coverage="50% (1/2)">
                  <conditions>
                    <condition number="251" type="jump" coverage="50%" />
                  </conditions>
                </line>
                <line number="68" hits="4" branch="False" />
                <line number="69" hits="4" branch="False" />
                <line number="70" hits="4" branch="False" />
                <line number="71" hits="4" branch="False" />
                <line number="72" hits="4" branch="False" />
                <line number="73" hits="4" branch="False" />
                <line number="74" hits="4" branch="False" />
                <line number="76" hits="4" branch="True" condition-coverage="100% (2/2)">
                  <conditions>
                    <condition number="279" type="jump" coverage="100%" />
                  </conditions>
                </line>
                <line number="78" hits="4" branch="False" />
                <line number="79" hits="4" branch="False" />
                <line number="81" hits="3" branch="False" />
                <line number="82" hits="3" branch="False" />
                <line number="83" hits="3" branch="False" />
                <line number="85" hits="10" branch="False" />
              </lines>
            </method>
            <method name=".ctor" signature="()" line-rate="1" branch-rate="1" complexity="1">
              <lines>
                <line number="15" hits="7" branch="False" />
                <line number="16" hits="7" branch="False" />
                <line number="17" hits="7" branch="False" />
              </lines>
            </method>
          </methods>
          <lines>
            <line number="19" hits="8" branch="False" />
            <line number="21" hits="11" branch="False" />
            <line number="26" hits="8" branch="False" />
            <line number="29" hits="10" branch="False" />
            <line number="30" hits="10" branch="True" condition-coverage="50% (1/2)">
              <conditions>
                <condition number="9" type="jump" coverage="50%" />
              </conditions>
            </line>
            <line number="31" hits="0" branch="False" />
            <line number="32" hits="0" branch="False" />
            <line number="35" hits="10" branch="False" />
            <line number="36" hits="10" branch="False" />
            <line number="37" hits="10" branch="True" condition-coverage="100% (2/2)">
              <conditions>
                <condition number="54" type="jump" coverage="100%" />
              </conditions>
            </line>
            <line number="38" hits="3" branch="False" />
            <line number="39" hits="3" branch="False" />
            <line number="42" hits="7" branch="False" />
            <line number="43" hits="7" branch="True" condition-coverage="100% (2/2)">
              <conditions>
                <condition number="79" type="jump" coverage="100%" />
              </conditions>
            </line>
            <line number="44" hits="2" branch="False" />
            <line number="47" hits="2" branch="False" />
            <line number="48" hits="2" branch="False" />
            <line number="49" hits="2" branch="False" />
            <line number="51" hits="7" branch="False" />
            <line number="53" hits="7" branch="False" />
            <line number="54" hits="7" branch="False" />
            <line number="55" hits="7" branch="False" />
            <line number="56" hits="4" branch="False" />
            <line number="58" hits="4" branch="False" />
            <line number="59" hits="4" branch="False" />
            <line number="61" hits="4" branch="True" condition-coverage="100% (4/4)">
              <conditions>
                <condition number="171" type="jump" coverage="100%" />
                <condition number="195" type="jump" coverage="100%" />
              </conditions>
            </line>
            <line number="62" hits="2" branch="False" />
            <line number="63" hits="2" branch="False" />
            <line number="64" hits="2" branch="False" />
            <line number="65" hits="2" branch="False" />
            <line number="67" hits="4" branch="True" condition-coverage="50% (1/2)">
              <conditions>
                <condition number="251" type="jump" coverage="50%" />
              </conditions>
            </line>
            <line number="68" hits="4" branch="False" />
            <line number="69" hits="4" branch="False" />
            <line number="70" hits="4" branch="False" />
            <line number="71" hits="4" branch="False" />
            <line number="72" hits="4" branch="False" />
            <line number="73" hits="4" branch="False" />
            <line number="74" hits="4" branch="False" />
            <line number="76" hits="4" branch="True" condition-coverage="100% (2/2)">
              <conditions>
                <condition number="279" type="jump" coverage="100%" />
              </conditions>
            </line>
            <line number="78" hits="4" branch="False" />
            <line number="79" hits="4" branch="False" />
            <line number="81" hits="3" branch="False" />
            <line number="82" hits="3" branch="False" />
            <line number="83" hits="3" branch="False" />
            <line number="85" hits="10" branch="False" />
            <line number="15" hits="7" branch="False" />
            <line number="16" hits="7" branch="False" />
            <line number="17" hits="7" branch="False" />
          </lines>
        </class>
        <class name="Microsoft.Liftr.Contracts.ResourceTypeNamePair" filename="Liftr.Contracts\ResourceTypeNamePair.cs" line-rate="1" branch-rate="1" complexity="2">
          <methods>
            <method name="get_ResourceType" signature="()" line-rate="1" branch-rate="1" complexity="1">
              <lines>
                <line number="9" hits="45" branch="False" />
              </lines>
            </method>
            <method name="get_ResourceName" signature="()" line-rate="1" branch-rate="1" complexity="1">
              <lines>
                <line number="11" hits="43" branch="False" />
              </lines>
            </method>
          </methods>
          <lines>
            <line number="9" hits="45" branch="False" />
            <line number="11" hits="43" branch="False" />
          </lines>
        </class>
        <class name="Microsoft.Liftr.Contracts.RPAssetOptions" filename="Liftr.Contracts\RPAssetOptions.cs" line-rate="0" branch-rate="0" complexity="7">
          <methods>
            <method name="get_CosmosDBConnectionStrings" signature="()" line-rate="0" branch-rate="1" complexity="1">
              <lines>
                <line number="14" hits="0" branch="False" />
              </lines>
            </method>
            <method name="get_ActiveKeyName" signature="()" line-rate="0" branch-rate="1" complexity="1">
              <lines>
                <line number="17" hits="0" branch="False" />
              </lines>
            </method>
            <method name="get_StorageAccountName" signature="()" line-rate="0" branch-rate="1" complexity="1">
              <lines>
                <line number="20" hits="0" branch="False" />
              </lines>
            </method>
            <method name="get_GlobalStorageAccountName" signature="()" line-rate="0" branch-rate="1" complexity="1">
              <lines>
                <line number="23" hits="0" branch="False" />
              </lines>
            </method>
            <method name="get_DataPlaneSubscriptions" signature="()" line-rate="0" branch-rate="1" complexity="1">
              <lines>
                <line number="26" hits="0" branch="False" />
              </lines>
            </method>
            <method name="GetActiveCosmosDBConnectionString" signature="()" line-rate="0" branch-rate="0" complexity="2">
              <lines>
                <line number="29" hits="0" branch="False" />
                <line number="30" hits="0" branch="True" condition-coverage="0% (0/2)">
                  <conditions>
                    <condition number="30" type="jump" coverage="0%" />
                  </conditions>
                </line>
                <line number="31" hits="0" branch="False" />
                <line number="32" hits="0" branch="False" />
                <line number="33" hits="0" branch="False" />
                <line number="34" hits="0" branch="False" />
              </lines>
            </method>
          </methods>
          <lines>
            <line number="14" hits="0" branch="False" />
            <line number="17" hits="0" branch="False" />
            <line number="20" hits="0" branch="False" />
            <line number="23" hits="0" branch="False" />
            <line number="26" hits="0" branch="False" />
            <line number="29" hits="0" branch="False" />
            <line number="30" hits="0" branch="True" condition-coverage="0% (0/2)">
              <conditions>
                <condition number="30" type="jump" coverage="0%" />
              </conditions>
            </line>
            <line number="31" hits="0" branch="False" />
            <line number="32" hits="0" branch="False" />
            <line number="33" hits="0" branch="False" />
            <line number="34" hits="0" branch="False" />
          </lines>
        </class>
        <class name="Microsoft.Liftr.Contracts.RunningEnvironmentOptions" filename="Liftr.Contracts\RunningEnvironmentOptions.cs" line-rate="0" branch-rate="1" complexity="2">
          <methods>
            <method name="get_TenantId" signature="()" line-rate="0" branch-rate="1" complexity="1">
              <lines>
                <line number="9" hits="0" branch="False" />
              </lines>
            </method>
            <method name="get_SPNObjectId" signature="()" line-rate="0" branch-rate="1" complexity="1">
              <lines>
                <line number="11" hits="0" branch="False" />
              </lines>
            </method>
          </methods>
          <lines>
            <line number="9" hits="0" branch="False" />
            <line number="11" hits="0" branch="False" />
          </lines>
        </class>
        <class name="Microsoft.Liftr.Contracts.SourceImageTypeExtensions" filename="Liftr.Contracts\SourceImageType.cs" line-rate="0" branch-rate="0" complexity="7">
          <methods>
            <method name="IsPlatformImage" signature="(Microsoft.Liftr.Contracts.SourceImageType)" line-rate="0" branch-rate="0" complexity="6">
              <lines>
                <line number="43" hits="0" branch="False" />
                <line number="44" hits="0" branch="True" condition-coverage="0% (0/6)">
                  <conditions>
                    <condition number="3" type="jump" coverage="0%" />
                    <condition number="7" type="jump" coverage="0%" />
                    <condition number="19" type="jump" coverage="0%" />
                  </conditions>
                </line>
                <line number="45" hits="0" branch="False" />
                <line number="46" hits="0" branch="False" />
                <line number="47" hits="0" branch="False" />
                <line number="48" hits="0" branch="False" />
                <line number="51" hits="0" branch="False" />
                <line number="52" hits="0" branch="False" />
                <line number="54" hits="0" branch="False" />
              </lines>
            </method>
            <method name="IsWindows" signature="(Microsoft.Liftr.Contracts.SourceImageType)" line-rate="0" branch-rate="1" complexity="1">
              <lines>
                <line number="57" hits="0" branch="False" />
              </lines>
            </method>
          </methods>
          <lines>
            <line number="43" hits="0" branch="False" />
            <line number="44" hits="0" branch="True" condition-coverage="0% (0/6)">
              <conditions>
                <condition number="3" type="jump" coverage="0%" />
                <condition number="7" type="jump" coverage="0%" />
                <condition number="19" type="jump" coverage="0%" />
              </conditions>
            </line>
            <line number="45" hits="0" branch="False" />
            <line number="46" hits="0" branch="False" />
            <line number="47" hits="0" branch="False" />
            <line number="48" hits="0" branch="False" />
            <line number="51" hits="0" branch="False" />
            <line number="52" hits="0" branch="False" />
            <line number="54" hits="0" branch="False" />
            <line number="57" hits="0" branch="False" />
          </lines>
        </class>
        <class name="Microsoft.Liftr.Contracts.SubscriptionChecker" filename="Liftr.Contracts\SubscriptionChecker.cs" line-rate="0.8887999999999999" branch-rate="0.875" complexity="9">
          <methods>
            <method name="Contains" signature="(System.String)" line-rate="1" branch-rate="1" complexity="1">
              <lines>
                <line number="38" hits="12" branch="False" />
              </lines>
            </method>
            <method name=".ctor" signature="(Microsoft.Liftr.Contracts.SubscriptionCheckerOptions)" line-rate="0.8823000000000001" branch-rate="0.875" complexity="8">
              <lines>
                <line number="12" hits="3" branch="False" />
                <line number="14" hits="3" branch="False" />
                <line number="15" hits="3" branch="False" />
                <line number="16" hits="3" branch="True" condition-coverage="50% (1/2)">
                  <conditions>
                    <condition number="30" type="jump" coverage="50%" />
                  </conditions>
                </line>
                <line number="17" hits="0" branch="False" />
                <line number="18" hits="0" branch="False" />
[...]
                <condition number="98" type="jump" coverage="0%" />
              </conditions>
            </line>
            <line number="28" hits="0" branch="False" />
            <line number="29" hits="0" branch="False" />
            <line number="30" hits="0" branch="False" />
            <line number="31" hits="0" branch="False" />
            <line number="33" hits="0" branch="False" />
            <line number="34" hits="0" branch="False" />
            <line number="36" hits="0" branch="False" />
            <line number="37" hits="0" branch="False" />
            <line number="38" hits="0" branch="False" />
            <line number="39" hits="0" branch="False" />
            <line number="40" hits="0" branch="False" />
            <line number="41" hits="0" branch="False" />
            <line number="42" hits="0" branch="False" />
            <line number="43" hits="0" branch="False" />
            <line number="45" hits="0" branch="False" />
            <line number="46" hits="0" branch="False" />
            <line number="47" hits="0" branch="False" />
            <line number="49" hits="0" branch="False" />
            <line number="50" hits="0" branch="False" />
            <line number="51" hits="0" branch="False" />
            <line number="52" hits="0" branch="False" />
            <line number="54" hits="0" branch="False" />
          </lines>
        </class>
        <class name="Microsoft.Liftr.Utilities.MetaInfo" filename="Liftr.Utilities\InstanceMetadata\MetaInfo.cs" line-rate="0" branch-rate="0" complexity="19">
          <methods>
            <method name="get_AssemblyName" signature="()" line-rate="0" branch-rate="1" complexity="1">
              <lines>
                <line number="9" hits="0" branch="False" />
              </lines>
            </method>
            <method name="get_Version" signature="()" line-rate="0" branch-rate="1" complexity="1">
              <lines>
                <line number="11" hits="0" branch="False" />
              </lines>
            </method>
            <method name="get_LiftrLibraryVersion" signature="()" line-rate="0" branch-rate="1" complexity="1">
              <lines>
                <line number="13" hits="0" branch="False" />
              </lines>
            </method>
            <method name="get_InstanceMeta" signature="()" line-rate="0" branch-rate="1" complexity="1">
              <lines>
                <line number="15" hits="0" branch="False" />
              </lines>
            </method>
            <method name="get_Timestamp" signature="()" line-rate="0" branch-rate="1" complexity="1">
              <lines>
                <line number="17" hits="0" branch="False" />
              </lines>
            </method>
            <method name="GetComputeTagMetadata" signature="()" line-rate="0" branch-rate="0" complexity="14">
              <lines>
                <line number="20" hits="0" branch="False" />
                <line number="21" hits="0" branch="False" />
                <line number="22" hits="0" branch="True" condition-coverage="0% (0/6)">
                  <conditions>
                    <condition number="14" type="jump" coverage="0%" />
                    <condition number="26" type="jump" coverage="0%" />
                    <condition number="46" type="jump" coverage="0%" />
                  </conditions>
                </line>
                <line number="23" hits="0" branch="False" />
                <line number="24" hits="0" branch="False" />
                <line number="26" hits="0" branch="True" condition-coverage="0% (0/2)">
                  <conditions>
                    <condition number="73" type="jump" coverage="0%" />
                  </conditions>
                </line>
                <line number="27" hits="0" branch="False" />
                <line number="28" hits="0" branch="False" />
                <line number="29" hits="0" branch="False" />
                <line number="31" hits="0" branch="True" condition-coverage="0% (0/2)">
                  <conditions>
                    <condition number="110" type="jump" coverage="0%" />
                  </conditions>
                </line>
                <line number="32" hits="0" branch="False" />
                <line number="33" hits="0" branch="False" />
                <line number="34" hits="0" branch="False" />
                <line number="36" hits="0" branch="True" condition-coverage="0% (0/2)">
                  <conditions>
                    <condition number="147" type="jump" coverage="0%" />
                  </conditions>
                </line>
                <line number="37" hits="0" branch="False" />
                <line number="38" hits="0" branch="False" />
                <line number="39" hits="0" branch="False" />
                <line number="41" hits="0" branch="True" condition-coverage="0% (0/2)">
                  <conditions>
                    <condition number="184" type="jump" coverage="0%" />
                  </conditions>
                </line>
                <line number="42" hits="0" branch="False" />
                <line number="43" hits="0" branch="False" />
                <line number="44" hits="0" branch="False" />
                <line number="46" hits="0" branch="False" />
                <line number="49" hits="0" branch="False" />
                <line number="50" hits="0" branch="False" />
              </lines>
            </method>
          </methods>
          <lines>
            <line number="9" hits="0" branch="False" />
            <line number="11" hits="0" branch="False" />
            <line number="13" hits="0" branch="False" />
            <line number="15" hits="0" branch="False" />
            <line number="17" hits="0" branch="False" />
            <line number="20" hits="0" branch="False" />
            <line number="21" hits="0" branch="False" />
            <line number="22" hits="0" branch="True" condition-coverage="0% (0/6)">
              <conditions>
                <condition number="14" type="jump" coverage="0%" />
                <condition number="26" type="jump" coverage="0%" />
                <condition number="46" type="jump" coverage="0%" />
              </conditions>
            </line>
            <line number="23" hits="0" branch="False" />
            <line number="24" hits="0" branch="False" />
            <line number="26" hits="0" branch="True" condition-coverage="0% (0/2)">
              <conditions>
                <condition number="73" type="jump" coverage="0%" />
              </conditions>
            </line>
            <line number="27" hits="0" branch="False" />
            <line number="28" hits="0" branch="False" />
            <line number="29" hits="0" branch="False" />
            <line number="31" hits="0" branch="True" condition-coverage="0% (0/2)">
              <conditions>
                <condition number="110" type="jump" coverage="0%" />
              </conditions>
            </line>
            <line number="32" hits="0" branch="False" />
            <line number="33" hits="0" branch="False" />
            <line number="34" hits="0" branch="False" />
            <line number="36" hits="0" branch="True" condition-coverage="0% (0/2)">
              <conditions>
                <condition number="147" type="jump" coverage="0%" />
              </conditions>
            </line>
            <line number="37" hits="0" branch="False" />
            <line number="38" hits="0" branch="False" />
            <line number="39" hits="0" branch="False" />
            <line number="41" hits="0" branch="True" condition-coverage="0% (0/2)">
              <conditions>
                <condition number="184" type="jump" coverage="0%" />
              </conditions>
            </line>
            <line number="42" hits="0" branch="False" />
            <line number="43" hits="0" branch="False" />
            <line number="44" hits="0" branch="False" />
            <line number="46" hits="0" branch="False" />
            <line number="49" hits="0" branch="False" />
            <line number="50" hits="0" branch="False" />
          </lines>
        </class>
        <class name="Microsoft.Liftr.Utilities.TagStringParser" filename="Liftr.Utilities\InstanceMetadata\TagStringParser.cs" line-rate="0" branch-rate="0" complexity="12">
          <methods>
            <method name="TryParse" signature="(System.String,System.Collections.Generic.Dictionary`2&lt;System.String,System.String&gt;&amp;)" line-rate="0" branch-rate="0" complexity="12">
              <lines>
                <line number="13" hits="0" branch="False" />
                <line number="15" hits="0" branch="False" />
                <line number="16" hits="0" branch="True" condition-coverage="0% (0/2)">
                  <conditions>
                    <condition number="16" type="jump" coverage="0%" />
                  </conditions>
                </line>
                <line number="17" hits="0" branch="False" />
                <line number="18" hits="0" branch="False" />
                <line number="21" hits="0" branch="False" />
                <line number="23" hits="0" branch="True" condition-coverage="0% (0/4)">
                  <conditions>
                    <condition number="45" type="jump" coverage="0%" />
                    <condition number="57" type="jump" coverage="0%" />
                  </conditions>
                </line>
                <line number="24" hits="0" branch="False" />
                <line number="25" hits="0" branch="True" condition-coverage="0% (0/2)">
                  <conditions>
                    <condition number="190" type="jump" coverage="0%" />
                  </conditions>
                </line>
                <line number="26" hits="0" branch="False" />
                <line number="27" hits="0" branch="False" />
                <line number="28" hits="0" branch="True" condition-coverage="0% (0/4)">
                  <conditions>
                    <condition number="94" type="jump" coverage="0%" />
                    <condition number="116" type="jump" coverage="0%" />
                  </conditions>
                </line>
                <line number="29" hits="0" branch="False" />
                <line number="30" hits="0" branch="False" />
                <line number="31" hits="0" branch="False" />
                <line number="34" hits="0" branch="False" />
                <line number="35" hits="0" branch="False" />
                <line number="37" hits="0" branch="False" />
                <line number="38" hits="0" branch="False" />
                <line number="39" hits="0" branch="False" />
                <line number="41" hits="0" branch="False" />
                <line number="42" hits="0" branch="False" />
              </lines>
            </method>
          </methods>
          <lines>
            <line number="13" hits="0" branch="False" />
            <line number="15" hits="0" branch="False" />
            <line number="16" hits="0" branch="True" condition-coverage="0% (0/2)">
              <conditions>
                <condition number="16" type="jump" coverage="0%" />
              </conditions>
            </line>
            <line number="17" hits="0" branch="False" />
            <line number="18" hits="0" branch="False" />
            <line number="21" hits="0" branch="False" />
            <line number="23" hits="0" branch="True" condition-coverage="0% (0/4)">
              <conditions>
                <condition number="45" type="jump" coverage="0%" />
                <condition number="57" type="jump" coverage="0%" />
              </conditions>
            </line>
            <line number="24" hits="0" branch="False" />
            <line number="25" hits="0" branch="True" condition-coverage="0% (0/2)">
              <conditions>
                <condition number="190" type="jump" coverage="0%" />
              </conditions>
            </line>
            <line number="26" hits="0" branch="False" />
            <line number="27" hits="0" branch="False" />
            <line number="28" hits="0" branch="True" condition-coverage="0% (0/4)">
              <conditions>
                <condition number="94" type="jump" coverage="0%" />
                <condition number="116" type="jump" coverage="0%" />
              </conditions>
            </line>
            <line number="29" hits="0" branch="False" />
            <line number="30" hits="0" branch="False" />
            <line number="31" hits="0" branch="False" />
            <line number="34" hits="0" branch="False" />
            <line number="35" hits="0" branch="False" />
            <line number="37" hits="0" branch="False" />
            <line number="38" hits="0" branch="False" />
            <line number="39" hits="0" branch="False" />
            <line number="41" hits="0" branch="False" />
            <line number="42" hits="0" branch="False" />
          </lines>
        </class>
        <class name="Microsoft.Liftr.Utilities.SwaggerExtensionAttribute" filename="Liftr.Utilities\SwaggerExtensionAttribute.cs" line-rate="0" branch-rate="1" complexity="3">
          <methods>
            <method name="get_ExcludeFromSwagger" signature="()" line-rate="0" branch-rate="1" complexity="1">
              <lines>
                <line number="31" hits="0" branch="False" />
              </lines>
            </method>
            <method name="get_MarkAsReadOnly" signature="()" line-rate="0" branch-rate="1" complexity="1">
              <lines>
                <line number="36" hits="0" branch="False" />
              </lines>
            </method>
            <method name="get_MutabilityValues" signature="()" line-rate="0" branch-rate="1" complexity="1">
              <lines>
                <line number="41" hits="0" branch="False" />
              </lines>
            </method>
          </methods>
          <lines>
            <line number="31" hits="0" branch="False" />
            <line number="36" hits="0" branch="False" />
            <line number="41" hits="0" branch="False" />
          </lines>
        </class>
        <class name="Microsoft.Liftr.Utilities.TenantHelper" filename="Liftr.Utilities\TenantHelper.cs" line-rate="0" branch-rate="1" complexity="2">
          <methods>
            <method name="Dispose" signature="()" line-rate="0" branch-rate="1" complexity="1">
              <lines>
                <line number="28" hits="0" branch="False" />
                <line number="29" hits="0" branch="False" />
                <line number="30" hits="0" branch="False" />
              </lines>
            </method>
            <method name=".ctor" signature="(System.Uri)" line-rate="0" branch-rate="1" complexity="1">
              <lines>
                <line number="21" hits="0" branch="False" />
                <line number="22" hits="0" branch="False" />
                <line number="23" hits="0" branch="False" />
                <line number="24" hits="0" branch="False" />
                <line number="25" hits="0" branch="False" />
              </lines>
            </method>
          </methods>
          <lines>
            <line number="28" hits="0" branch="False" />
            <line number="29" hits="0" branch="False" />
            <line number="30" hits="0" branch="False" />
            <line number="21" hits="0" branch="False" />
            <line number="22" hits="0" branch="False" />
            <line number="23" hits="0" branch="False" />
            <line number="24" hits="0" branch="False" />
            <line number="25" hits="0" branch="False" />
          </lines>
        </class>
        <class name="Microsoft.Liftr.Utilities.TenantHelper/&lt;GetTenantIdForSubscriptionAsync&gt;d__5" filename="Liftr.Utilities\TenantHelper.cs" line-rate="0" branch-rate="0" complexity="10">
          <methods>
            <method name="MoveNext" signature="()" line-rate="0" branch-rate="0" complexity="10">
              <lines>
                <line number="33" hits="0" branch="False" />
                <line number="35" hits="0" branch="False" />
                <line number="37" hits="0" branch="False" />
                <line number="39" hits="0" branch="True" condition-coverage="0% (0/2)">
                  <conditions>
                    <condition number="219" type="jump" coverage="0%" />
                  </conditions>
                </line>
                <line number="40" hits="0" branch="False" />
                <line number="41" hits="0" branch="False" />
                <line number="44" hits="0" branch="True" condition-coverage="0% (0/6)">
                  <conditions>
                    <condition number="246" type="jump" coverage="0%" />
                    <condition number="258" type="jump" coverage="0%" />
                    <condition number="270" type="jump" coverage="0%" />
                  </conditions>
                </line>
                <line number="46" hits="0" branch="True" condition-coverage="0% (0/2)">
                  <conditions>
                    <condition number="307" type="jump" coverage="0%" />
                  </conditions>
                </line>
                <line number="47" hits="0" branch="False" />
                <line number="48" hits="0" branch="False" />
                <line number="51" hits="0" branch="False" />
                <line number="52" hits="0" branch="False" />
                <line number="54" hits="0" branch="False" />
              </lines>
            </method>
          </methods>
          <lines>
            <line number="33" hits="0" branch="False" />
            <line number="35" hits="0" branch="False" />
            <line number="37" hits="0" branch="False" />
            <line number="39" hits="0" branch="True" condition-coverage="0% (0/2)">
              <conditions>
                <condition number="219" type="jump" coverage="0%" />
              </conditions>
            </line>
            <line number="40" hits="0" branch="False" />
            <line number="41" hits="0" branch="False" />
            <line number="44" hits="0" branch="True" condition-coverage="0% (0/6)">
              <conditions>
                <condition number="246" type="jump" coverage="0%" />
                <condition number="258" type="jump" coverage="0%" />
                <condition number="270" type="jump" coverage="0%" />
              </conditions>
            </line>
            <line number="46" hits="0" branch="True" condition-coverage="0% (0/2)">
              <conditions>
                <condition number="307" type="jump" coverage="0%" />
              </conditions>
            </line>
            <line number="47" hits="0" branch="False" />
            <line number="48" hits="0" branch="False" />
            <line number="51" hits="0" branch="False" />
            <line number="52" hits="0" branch="False" />
            <line number="54" hits="0" branch="False" />
          </lines>
        </class>
        <class name="Microsoft.Liftr.Utilities.ZuluDateTimeConverter" filename="Liftr.Utilities\ZuluDateTimeConverter.cs" line-rate="0" branch-rate="1" complexity="1">
          <methods>
            <method name=".ctor" signature="()" line-rate="0" branch-rate="1" complexity="1">
              <lines>
                <line number="12" hits="0" branch="False" />
                <line number="13" hits="0" branch="False" />
                <line number="14" hits="0" branch="False" />
                <line number="15" hits="0" branch="False" />
              </lines>
            </method>
          </methods>
          <lines>
            <line number="12" hits="0" branch="False" />
            <line number="13" hits="0" branch="False" />
            <line number="14" hits="0" branch="False" />
            <line number="15" hits="0" branch="False" />
          </lines>
        </class>
      </classes>
    </package>
  </packages>
</coverage>